#
# A fatal error has been detected by the Java Runtime Environment:
#
#  EXCEPTION_ACCESS_VIOLATION (0xc0000005) at pc=0x00000000694bd387, pid=25652, tid=30708
#
# JRE version: Java(TM) SE Runtime Environment (10.0.2+13) (build 10.0.2+13)
# Java VM: Java HotSpot(TM) 64-Bit Server VM (10.0.2+13, mixed mode, tiered, compressed oops, g1 gc, windows-amd64)
# Problematic frame:
# V  [jvm.dll+0x61d387]
#
# No core dump will be written. Minidumps are not enabled by default on client versions of Windows
#
# If you would like to submit a bug report, please visit:
#   http://bugreport.java.com/bugreport/crash.jsp
#

---------------  S U M M A R Y ------------

Command Line: -agentlib:jdwp=transport=dt_socket,suspend=y,address=localhost:54052 -javaagent:C:\Users\jt\eclipse\java-oxygen\eclipse\configuration\org.eclipse.osgi\1634\0\.cp\lib\javaagent-shaded.jar -Dfile.encoding=Cp1252 Main

Host: Intel(R) Core(TM) i7-8550U CPU @ 1.80GHz, 8 cores, 15G,  Windows 10 , 64 bit Build 18362 (10.0.18362.1082)
Time: Wed Oct 07 19:03:55 2020 Mitteleuropäische Sommerzeit elapsed time: 397 seconds (0d 0h 6m 37s)

---------------  T H R E A D  ---------------

Current thread (0x000001f81b5e3800):  JavaThread "main" [_thread_in_vm, id=30708, stack(0x000000e274d00000,0x000000e274e00000)]

Stack: [0x000000e274d00000,0x000000e274e00000],  sp=0x000000e274dff410,  free space=1021k
Native frames: (J=compiled Java code, j=interpreted, Vv=VM code, C=native code)
V  [jvm.dll+0x61d387]
V  [jvm.dll+0x2b8030]
V  [jvm.dll+0x3650a1]
V  [jvm.dll+0x364ae8]
C  0x000001f822dbc18e

Java frames: (J=compiled Java code, j=interpreted, Vv=VM code)
j  Main.main([Ljava/lang/String;)V+144
v  ~StubRoutines::call_stub

siginfo: EXCEPTION_ACCESS_VIOLATION (0xc0000005), reading address 0x0000000000000006


Register to memory mapping:

RIP=0x00000000694bd387 jvm.dll
RAX=0x0000000000000000 is an unknown value
RBX=0x000000e274dff460 is pointing into the stack for thread: 0x000001f81b5e3800
RCX=0x000000e274dff460 is pointing into the stack for thread: 0x000001f81b5e3800
RDX=0x0000000000000000 is an unknown value
RSP=0x000000e274dff410 is pointing into the stack for thread: 0x000001f81b5e3800
RBP=0x000000e274dff5a0 is pointing into the stack for thread: 0x000001f81b5e3800
RSI=0x000001f81b5e3800 is a thread
RDI=0x0000000000000000 is an unknown value
R8 =0x0000000000000000 is an unknown value
R9 =0x000001f83e9950e0 is pointing into metadata
R10=0x000001f822d90000 is an unknown value
R11=0x00000006d1c6b990 is an oop
[Ljava.lang.Object; 
{0x00000006d1c6b990} - klass: 'java/lang/Object'[]
 - length: 3
R12=0x000001f81b5e3cc0 is an unknown value
R13=0x000001f81b5e3cd0 is an unknown value
R14={method} {0x000001f83e9957a8} 'main' '([Ljava/lang/String;)V' in 'Main'
R15=0x00000000000000b7 is an unknown value


Registers:
RAX=0x0000000000000000, RBX=0x000000e274dff460, RCX=0x000000e274dff460, RDX=0x0000000000000000
RSP=0x000000e274dff410, RBP=0x000000e274dff5a0, RSI=0x000001f81b5e3800, RDI=0x0000000000000000
R8 =0x0000000000000000, R9 =0x000001f83e9950e0, R10=0x000001f822d90000, R11=0x00000006d1c6b990
R12=0x000001f81b5e3cc0, R13=0x000001f81b5e3cd0, R14=0x000001f83e9957a0, R15=0x00000000000000b7
RIP=0x00000000694bd387, EFLAGS=0x0000000000010246

Top of Stack: (sp=0x000000e274dff410)
0x000000e274dff410:   000000e274dff540 0000000069014787
0x000000e274dff420:   000000e274dff9c8 0000000069014787
0x000000e274dff430:   000001f83e9957a0 0000000069158030
0x000000e274dff440:   000000e274dff518 0000000069201e28
0x000000e274dff450:   000001f81b5e3800 0000000069201e28
0x000000e274dff460:   000000006965e190 0000000000000000
0x000000e274dff470:   0000000000000000 0000000000000063
0x000000e274dff480:   0000000074df0000 000000e274dff668
0x000000e274dff490:   000001f81b5dcaf0 00000000692050a1
0x000000e274dff4a0:   000001f81b5e3800 000000e274dff5a0
0x000000e274dff4b0:   000001f81b5e3800 0000000069014787
0x000000e274dff4c0:   0000000000000000 000001f822da0ebe
0x000000e274dff4d0:   00000000000000b1 00000006d1991b38
0x000000e274dff4e0:   000001f81b5e3800 0000000069201e28
0x000000e274dff4f0:   000001f83e9957a0 000001f81b5e3800
0x000000e274dff500:   000001f83e995688 000001f8000000b7 

Instructions: (pc=0x00000000694bd387)
0x00000000694bd367:   cc cc cc cc cc cc cc cc cc 48 89 5c 24 08 57 48
0x00000000694bd377:   83 ec 20 48 8b 41 08 33 ff 48 8b d9 48 89 79 10
0x00000000694bd387:   80 78 06 28 74 1f 44 8d 4f 28 4c 8d 05 c8 3a 1f
0x00000000694bd397:   00 8d 57 35 48 8d 0d ce 3a 1f 00 e8 e9 72 c1 ff 



---------------  P R O C E S S  ---------------

Threads class SMR info:
_java_thread_list=0x000001f83f099b00, length=16, elements={
0x000001f81b5e3800, 0x000001f83ebb8800, 0x000001f83ebc1800, 0x000001f83ebd5800,
0x000001f83ebd6000, 0x000001f83ebd7800, 0x000001f83ebe2000, 0x000001f83ebec000,
0x000001f83ec25000, 0x000001f83ec46000, 0x000001f83f0ef000, 0x000001f83f254000,
0x000001f83f0f0000, 0x000001f83eecc800, 0x000001f83f123000, 0x000001f83f251000
}

Java Threads: ( => current thread )
=>0x000001f81b5e3800 JavaThread "main" [_thread_in_vm, id=30708, stack(0x000000e274d00000,0x000000e274e00000)]
  0x000001f83ebb8800 JavaThread "Reference Handler" daemon [_thread_blocked, id=30512, stack(0x000000e276300000,0x000000e276400000)]
  0x000001f83ebc1800 JavaThread "Finalizer" daemon [_thread_blocked, id=19608, stack(0x000000e276400000,0x000000e276500000)]
  0x000001f83ebd5800 JavaThread "Signal Dispatcher" daemon [_thread_blocked, id=21192, stack(0x000000e276500000,0x000000e276600000)]
  0x000001f83ebd6000 JavaThread "Attach Listener" daemon [_thread_blocked, id=31184, stack(0x000000e276600000,0x000000e276700000)]
  0x000001f83ebd7800 JavaThread "C2 CompilerThread0" daemon [_thread_blocked, id=16204, stack(0x000000e276700000,0x000000e276800000)]
  0x000001f83ebe2000 JavaThread "C2 CompilerThread1" daemon [_thread_blocked, id=22088, stack(0x000000e276800000,0x000000e276900000)]
  0x000001f83ebec000 JavaThread "C2 CompilerThread2" daemon [_thread_blocked, id=13372, stack(0x000000e276900000,0x000000e276a00000)]
  0x000001f83ec25000 JavaThread "C1 CompilerThread3" daemon [_thread_blocked, id=29984, stack(0x000000e276a00000,0x000000e276b00000)]
  0x000001f83ec46000 JavaThread "Sweeper thread" daemon [_thread_blocked, id=17364, stack(0x000000e276b00000,0x000000e276c00000)]
  0x000001f83f0ef000 JavaThread "JDWP Transport Listener: dt_socket" daemon [_thread_blocked, id=4428, stack(0x000000e276c00000,0x000000e276d00000)]
  0x000001f83f254000 JavaThread "JDWP Event Helper Thread" daemon [_thread_blocked, id=30736, stack(0x000000e276d00000,0x000000e276e00000)]
  0x000001f83f0f0000 JavaThread "JDWP Command Reader" daemon [_thread_in_native, id=6496, stack(0x000000e276e00000,0x000000e276f00000)]
  0x000001f83eecc800 JavaThread "Common-Cleaner" daemon [_thread_blocked, id=18036, stack(0x000000e276f00000,0x000000e277000000)]
  0x000001f83f123000 JavaThread "Service Thread" daemon [_thread_blocked, id=9472, stack(0x000000e277000000,0x000000e277100000)]
  0x000001f83f251000 JavaThread "Java2D Disposer" daemon [_thread_blocked, id=32532, stack(0x000000e277200000,0x000000e277300000)]

Other Threads:
  0x000001f83ebb1800 VMThread "VM Thread" [stack: 0x000000e276200000,0x000000e276300000] [id=27448]
  0x000001f83f30f000 WatcherThread [stack: 0x000000e277100000,0x000000e277200000] [id=18900]
  0x000001f81b5fd800 GCTaskThread "GC Thread#0" [stack: 0x000000e274e00000,0x000000e274f00000] [id=16620]
  0x000001f81b5ff000 GCTaskThread "GC Thread#1" [stack: 0x000000e274f00000,0x000000e275000000] [id=12692]
  0x000001f81b602800 GCTaskThread "GC Thread#2" [stack: 0x000000e275000000,0x000000e275100000] [id=20128]
  0x000001f81b605800 GCTaskThread "GC Thread#3" [stack: 0x000000e275100000,0x000000e275200000] [id=20064]
  0x000001f81b607800 GCTaskThread "GC Thread#4" [stack: 0x000000e275200000,0x000000e275300000] [id=33212]
  0x000001f81b614000 GCTaskThread "GC Thread#5" [stack: 0x000000e275300000,0x000000e275400000] [id=23980]
  0x000001f81b614800 GCTaskThread "GC Thread#6" [stack: 0x000000e275400000,0x000000e275500000] [id=25356]
  0x000001f81b60e800 GCTaskThread "GC Thread#7" [stack: 0x000000e275500000,0x000000e275600000] [id=17976]
  0x000001f81b664800 ConcurrentGCThread "G1 Main Marker" [stack: 0x000000e275600000,0x000000e275700000] [id=28704]
  0x000001f81b612000 ConcurrentGCThread "G1 Conc#0" [stack: 0x000000e275700000,0x000000e275800000] [id=30228]
  0x000001f81b60e000 ConcurrentGCThread "G1 Conc#1" [stack: 0x000000e275800000,0x000000e275900000] [id=14008]
  0x000001f81b6be000 ConcurrentGCThread "G1 Refine#0" [stack: 0x000000e275900000,0x000000e275a00000] [id=5708]
  0x000001f83b8a4800 ConcurrentGCThread "G1 Refine#1" [stack: 0x000000e275a00000,0x000000e275b00000] [id=31428]
  0x000001f83b8bc000 ConcurrentGCThread "G1 Refine#2" [stack: 0x000000e275b00000,0x000000e275c00000] [id=13524]
  0x000001f83b8bd800 ConcurrentGCThread "G1 Refine#3" [stack: 0x000000e275c00000,0x000000e275d00000] [id=32292]
  0x000001f83b8c5000 ConcurrentGCThread "G1 Refine#4" [stack: 0x000000e275d00000,0x000000e275e00000] [id=20640]
  0x000001f83b8c5800 ConcurrentGCThread "G1 Refine#5" [stack: 0x000000e275e00000,0x000000e275f00000] [id=19784]
  0x000001f83b8c6800 ConcurrentGCThread "G1 Refine#6" [stack: 0x000000e275f00000,0x000000e276000000] [id=6856]
  0x000001f83b8c7800 ConcurrentGCThread "G1 Refine#7" [stack: 0x000000e276000000,0x000000e276100000] [id=14072]
  0x000001f83b8c8800 ConcurrentGCThread "G1 Young RemSet Sampling" [stack: 0x000000e276100000,0x000000e276200000] [id=24536]

Threads with active compile tasks:

VM state:not at safepoint (normal execution)

VM Mutex/Monitor currently owned by a thread: None

Heap address: 0x00000006c2400000, size: 4060 MB, Compressed Oops mode: Zero based, Oop shift amount: 3
Narrow klass base: 0x0000000000000000, Narrow klass shift: 3
Compressed class space size: 1073741824 Address: 0x00000007c0000000

Heap:
 garbage-first heap   total 260096K, used 8192K [0x00000006c2400000, 0x00000007c0000000)
  region size 1024K, 9 young (9216K), 0 survivors (0K)
 Metaspace       used 9683K, capacity 9805K, committed 9984K, reserved 1058816K
  class space    used 933K, capacity 999K, committed 1024K, reserved 1048576K
Heap Regions: E=young(eden), S=young(survivor), O=old, HS=humongous(starts), HC=humongous(continues), CS=collection set, F=free, A=archive, TS=gc time stamp, AC=allocation context, TAMS=top-at-mark-start (previous, next)
|   0|0x00000006c2400000, 0x00000006c2400000, 0x00000006c2500000|  0%| F|  |TS  0|AC  0|TAMS 0x00000006c2400000, 0x00000006c2400000|
|   1|0x00000006c2500000, 0x00000006c2500000, 0x00000006c2600000|  0%| F|  |TS  0|AC  0|TAMS 0x00000006c2500000, 0x00000006c2500000|
|   2|0x00000006c2600000, 0x00000006c2600000, 0x00000006c2700000|  0%| F|  |TS  0|AC  0|TAMS 0x00000006c2600000, 0x00000006c2600000|
|   3|0x00000006c2700000, 0x00000006c2700000, 0x00000006c2800000|  0%| F|  |TS  0|AC  0|TAMS 0x00000006c2700000, 0x00000006c2700000|
|   4|0x00000006c2800000, 0x00000006c2800000, 0x00000006c2900000|  0%| F|  |TS  0|AC  0|TAMS 0x00000006c2800000, 0x00000006c2800000|
|   5|0x00000006c2900000, 0x00000006c2900000, 0x00000006c2a00000|  0%| F|  |TS  0|AC  0|TAMS 0x00000006c2900000, 0x00000006c2900000|
|   6|0x00000006c2a00000, 0x00000006c2a00000, 0x00000006c2b00000|  0%| F|  |TS  0|AC  0|TAMS 0x00000006c2a00000, 0x00000006c2a00000|
|   7|0x00000006c2b00000, 0x00000006c2b00000, 0x00000006c2c00000|  0%| F|  |TS  0|AC  0|TAMS 0x00000006c2b00000, 0x00000006c2b00000|
|   8|0x00000006c2c00000, 0x00000006c2c00000, 0x00000006c2d00000|  0%| F|  |TS  0|AC  0|TAMS 0x00000006c2c00000, 0x00000006c2c00000|
|   9|0x00000006c2d00000, 0x00000006c2d00000, 0x00000006c2e00000|  0%| F|  |TS  0|AC  0|TAMS 0x00000006c2d00000, 0x00000006c2d00000|
|  10|0x00000006c2e00000, 0x00000006c2e00000, 0x00000006c2f00000|  0%| F|  |TS  0|AC  0|TAMS 0x00000006c2e00000, 0x00000006c2e00000|
|  11|0x00000006c2f00000, 0x00000006c2f00000, 0x00000006c3000000|  0%| F|  |TS  0|AC  0|TAMS 0x00000006c2f00000, 0x00000006c2f00000|
|  12|0x00000006c3000000, 0x00000006c3000000, 0x00000006c3100000|  0%| F|  |TS  0|AC  0|TAMS 0x00000006c3000000, 0x00000006c3000000|
|  13|0x00000006c3100000, 0x00000006c3100000, 0x00000006c3200000|  0%| F|  |TS  0|AC  0|TAMS 0x00000006c3100000, 0x00000006c3100000|
|  14|0x00000006c3200000, 0x00000006c3200000, 0x00000006c3300000|  0%| F|  |TS  0|AC  0|TAMS 0x00000006c3200000, 0x00000006c3200000|
|  15|0x00000006c3300000, 0x00000006c3300000, 0x00000006c3400000|  0%| F|  |TS  0|AC  0|TAMS 0x00000006c3300000, 0x00000006c3300000|
|  16|0x00000006c3400000, 0x00000006c3400000, 0x00000006c3500000|  0%| F|  |TS  0|AC  0|TAMS 0x00000006c3400000, 0x00000006c3400000|
|  17|0x00000006c3500000, 0x00000006c3500000, 0x00000006c3600000|  0%| F|  |TS  0|AC  0|TAMS 0x00000006c3500000, 0x00000006c3500000|
|  18|0x00000006c3600000, 0x00000006c3600000, 0x00000006c3700000|  0%| F|  |TS  0|AC  0|TAMS 0x00000006c3600000, 0x00000006c3600000|
|  19|0x00000006c3700000, 0x00000006c3700000, 0x00000006c3800000|  0%| F|  |TS  0|AC  0|TAMS 0x00000006c3700000, 0x00000006c3700000|
|  20|0x00000006c3800000, 0x00000006c3800000, 0x00000006c3900000|  0%| F|  |TS  0|AC  0|TAMS 0x00000006c3800000, 0x00000006c3800000|
|  21|0x00000006c3900000, 0x00000006c3900000, 0x00000006c3a00000|  0%| F|  |TS  0|AC  0|TAMS 0x00000006c3900000, 0x00000006c3900000|
|  22|0x00000006c3a00000, 0x00000006c3a00000, 0x00000006c3b00000|  0%| F|  |TS  0|AC  0|TAMS 0x00000006c3a00000, 0x00000006c3a00000|
|  23|0x00000006c3b00000, 0x00000006c3b00000, 0x00000006c3c00000|  0%| F|  |TS  0|AC  0|TAMS 0x00000006c3b00000, 0x00000006c3b00000|
|  24|0x00000006c3c00000, 0x00000006c3c00000, 0x00000006c3d00000|  0%| F|  |TS  0|AC  0|TAMS 0x00000006c3c00000, 0x00000006c3c00000|
|  25|0x00000006c3d00000, 0x00000006c3d00000, 0x00000006c3e00000|  0%| F|  |TS  0|AC  0|TAMS 0x00000006c3d00000, 0x00000006c3d00000|
|  26|0x00000006c3e00000, 0x00000006c3e00000, 0x00000006c3f00000|  0%| F|  |TS  0|AC  0|TAMS 0x00000006c3e00000, 0x00000006c3e00000|
|  27|0x00000006c3f00000, 0x00000006c3f00000, 0x00000006c4000000|  0%| F|  |TS  0|AC  0|TAMS 0x00000006c3f00000, 0x00000006c3f00000|
|  28|0x00000006c4000000, 0x00000006c4000000, 0x00000006c4100000|  0%| F|  |TS  0|AC  0|TAMS 0x00000006c4000000, 0x00000006c4000000|
|  29|0x00000006c4100000, 0x00000006c4100000, 0x00000006c4200000|  0%| F|  |TS  0|AC  0|TAMS 0x00000006c4100000, 0x00000006c4100000|
|  30|0x00000006c4200000, 0x00000006c4200000, 0x00000006c4300000|  0%| F|  |TS  0|AC  0|TAMS 0x00000006c4200000, 0x00000006c4200000|
|  31|0x00000006c4300000, 0x00000006c4300000, 0x00000006c4400000|  0%| F|  |TS  0|AC  0|TAMS 0x00000006c4300000, 0x00000006c4300000|
|  32|0x00000006c4400000, 0x00000006c4400000, 0x00000006c4500000|  0%| F|  |TS  0|AC  0|TAMS 0x00000006c4400000, 0x00000006c4400000|
|  33|0x00000006c4500000, 0x00000006c4500000, 0x00000006c4600000|  0%| F|  |TS  0|AC  0|TAMS 0x00000006c4500000, 0x00000006c4500000|
|  34|0x00000006c4600000, 0x00000006c4600000, 0x00000006c4700000|  0%| F|  |TS  0|AC  0|TAMS 0x00000006c4600000, 0x00000006c4600000|
|  35|0x00000006c4700000, 0x00000006c4700000, 0x00000006c4800000|  0%| F|  |TS  0|AC  0|TAMS 0x00000006c4700000, 0x00000006c4700000|
|  36|0x00000006c4800000, 0x00000006c4800000, 0x00000006c4900000|  0%| F|  |TS  0|AC  0|TAMS 0x00000006c4800000, 0x00000006c4800000|
|  37|0x00000006c4900000, 0x00000006c4900000, 0x00000006c4a00000|  0%| F|  |TS  0|AC  0|TAMS 0x00000006c4900000, 0x00000006c4900000|
|  38|0x00000006c4a00000, 0x00000006c4a00000, 0x00000006c4b00000|  0%| F|  |TS  0|AC  0|TAMS 0x00000006c4a00000, 0x00000006c4a00000|
|  39|0x00000006c4b00000, 0x00000006c4b00000, 0x00000006c4c00000|  0%| F|  |TS  0|AC  0|TAMS 0x00000006c4b00000, 0x00000006c4b00000|
|  40|0x00000006c4c00000, 0x00000006c4c00000, 0x00000006c4d00000|  0%| F|  |TS  0|AC  0|TAMS 0x00000006c4c00000, 0x00000006c4c00000|
|  41|0x00000006c4d00000, 0x00000006c4d00000, 0x00000006c4e00000|  0%| F|  |TS  0|AC  0|TAMS 0x00000006c4d00000, 0x00000006c4d00000|
|  42|0x00000006c4e00000, 0x00000006c4e00000, 0x00000006c4f00000|  0%| F|  |TS  0|AC  0|TAMS 0x00000006c4e00000, 0x00000006c4e00000|
|  43|0x00000006c4f00000, 0x00000006c4f00000, 0x00000006c5000000|  0%| F|  |TS  0|AC  0|TAMS 0x00000006c4f00000, 0x00000006c4f00000|
|  44|0x00000006c5000000, 0x00000006c5000000, 0x00000006c5100000|  0%| F|  |TS  0|AC  0|TAMS 0x00000006c5000000, 0x00000006c5000000|
|  45|0x00000006c5100000, 0x00000006c5100000, 0x00000006c5200000|  0%| F|  |TS  0|AC  0|TAMS 0x00000006c5100000, 0x00000006c5100000|
|  46|0x00000006c5200000, 0x00000006c5200000, 0x00000006c5300000|  0%| F|  |TS  0|AC  0|TAMS 0x00000006c5200000, 0x00000006c5200000|
|  47|0x00000006c5300000, 0x00000006c5300000, 0x00000006c5400000|  0%| F|  |TS  0|AC  0|TAMS 0x00000006c5300000, 0x00000006c5300000|
|  48|0x00000006c5400000, 0x00000006c5400000, 0x00000006c5500000|  0%| F|  |TS  0|AC  0|TAMS 0x00000006c5400000, 0x00000006c5400000|
|  49|0x00000006c5500000, 0x00000006c5500000, 0x00000006c5600000|  0%| F|  |TS  0|AC  0|TAMS 0x00000006c5500000, 0x00000006c5500000|
|  50|0x00000006c5600000, 0x00000006c5600000, 0x00000006c5700000|  0%| F|  |TS  0|AC  0|TAMS 0x00000006c5600000, 0x00000006c5600000|
|  51|0x00000006c5700000, 0x00000006c5700000, 0x00000006c5800000|  0%| F|  |TS  0|AC  0|TAMS 0x00000006c5700000, 0x00000006c5700000|
|  52|0x00000006c5800000, 0x00000006c5800000, 0x00000006c5900000|  0%| F|  |TS  0|AC  0|TAMS 0x00000006c5800000, 0x00000006c5800000|
|  53|0x00000006c5900000, 0x00000006c5900000, 0x00000006c5a00000|  0%| F|  |TS  0|AC  0|TAMS 0x00000006c5900000, 0x00000006c5900000|
|  54|0x00000006c5a00000, 0x00000006c5a00000, 0x00000006c5b00000|  0%| F|  |TS  0|AC  0|TAMS 0x00000006c5a00000, 0x00000006c5a00000|
|  55|0x00000006c5b00000, 0x00000006c5b00000, 0x00000006c5c00000|  0%| F|  |TS  0|AC  0|TAMS 0x00000006c5b00000, 0x00000006c5b00000|
|  56|0x00000006c5c00000, 0x00000006c5c00000, 0x00000006c5d00000|  0%| F|  |TS  0|AC  0|TAMS 0x00000006c5c00000, 0x00000006c5c00000|
|  57|0x00000006c5d00000, 0x00000006c5d00000, 0x00000006c5e00000|  0%| F|  |TS  0|AC  0|TAMS 0x00000006c5d00000, 0x00000006c5d00000|
|  58|0x00000006c5e00000, 0x00000006c5e00000, 0x00000006c5f00000|  0%| F|  |TS  0|AC  0|TAMS 0x00000006c5e00000, 0x00000006c5e00000|
|  59|0x00000006c5f00000, 0x00000006c5f00000, 0x00000006c6000000|  0%| F|  |TS  0|AC  0|TAMS 0x00000006c5f00000, 0x00000006c5f00000|
|  60|0x00000006c6000000, 0x00000006c6000000, 0x00000006c6100000|  0%| F|  |TS  0|AC  0|TAMS 0x00000006c6000000, 0x00000006c6000000|
|  61|0x00000006c6100000, 0x00000006c6100000, 0x00000006c6200000|  0%| F|  |TS  0|AC  0|TAMS 0x00000006c6100000, 0x00000006c6100000|
|  62|0x00000006c6200000, 0x00000006c6200000, 0x00000006c6300000|  0%| F|  |TS  0|AC  0|TAMS 0x00000006c6200000, 0x00000006c6200000|
|  63|0x00000006c6300000, 0x00000006c6300000, 0x00000006c6400000|  0%| F|  |TS  0|AC  0|TAMS 0x00000006c6300000, 0x00000006c6300000|
|  64|0x00000006c6400000, 0x00000006c6400000, 0x00000006c6500000|  0%| F|  |TS  0|AC  0|TAMS 0x00000006c6400000, 0x00000006c6400000|
|  65|0x00000006c6500000, 0x00000006c6500000, 0x00000006c6600000|  0%| F|  |TS  0|AC  0|TAMS 0x00000006c6500000, 0x00000006c6500000|
|  66|0x00000006c6600000, 0x00000006c6600000, 0x00000006c6700000|  0%| F|  |TS  0|AC  0|TAMS 0x00000006c6600000, 0x00000006c6600000|
|  67|0x00000006c6700000, 0x00000006c6700000, 0x00000006c6800000|  0%| F|  |TS  0|AC  0|TAMS 0x00000006c6700000, 0x00000006c6700000|
|  68|0x00000006c6800000, 0x00000006c6800000, 0x00000006c6900000|  0%| F|  |TS  0|AC  0|TAMS 0x00000006c6800000, 0x00000006c6800000|
|  69|0x00000006c6900000, 0x00000006c6900000, 0x00000006c6a00000|  0%| F|  |TS  0|AC  0|TAMS 0x00000006c6900000, 0x00000006c6900000|
|  70|0x00000006c6a00000, 0x00000006c6a00000, 0x00000006c6b00000|  0%| F|  |TS  0|AC  0|TAMS 0x00000006c6a00000, 0x00000006c6a00000|
|  71|0x00000006c6b00000, 0x00000006c6b00000, 0x00000006c6c00000|  0%| F|  |TS  0|AC  0|TAMS 0x00000006c6b00000, 0x00000006c6b00000|
|  72|0x00000006c6c00000, 0x00000006c6c00000, 0x00000006c6d00000|  0%| F|  |TS  0|AC  0|TAMS 0x00000006c6c00000, 0x00000006c6c00000|
|  73|0x00000006c6d00000, 0x00000006c6d00000, 0x00000006c6e00000|  0%| F|  |TS  0|AC  0|TAMS 0x00000006c6d00000, 0x00000006c6d00000|
|  74|0x00000006c6e00000, 0x00000006c6e00000, 0x00000006c6f00000|  0%| F|  |TS  0|AC  0|TAMS 0x00000006c6e00000, 0x00000006c6e00000|
|  75|0x00000006c6f00000, 0x00000006c6f00000, 0x00000006c7000000|  0%| F|  |TS  0|AC  0|TAMS 0x00000006c6f00000, 0x00000006c6f00000|
|  76|0x00000006c7000000, 0x00000006c7000000, 0x00000006c7100000|  0%| F|  |TS  0|AC  0|TAMS 0x00000006c7000000, 0x00000006c7000000|
|  77|0x00000006c7100000, 0x00000006c7100000, 0x00000006c7200000|  0%| F|  |TS  0|AC  0|TAMS 0x00000006c7100000, 0x00000006c7100000|
|  78|0x00000006c7200000, 0x00000006c7200000, 0x00000006c7300000|  0%| F|  |TS  0|AC  0|TAMS 0x00000006c7200000, 0x00000006c7200000|
|  79|0x00000006c7300000, 0x00000006c7300000, 0x00000006c7400000|  0%| F|  |TS  0|AC  0|TAMS 0x00000006c7300000, 0x00000006c7300000|
|  80|0x00000006c7400000, 0x00000006c7400000, 0x00000006c7500000|  0%| F|  |TS  0|AC  0|TAMS 0x00000006c7400000, 0x00000006c7400000|
|  81|0x00000006c7500000, 0x00000006c7500000, 0x00000006c7600000|  0%| F|  |TS  0|AC  0|TAMS 0x00000006c7500000, 0x00000006c7500000|
|  82|0x00000006c7600000, 0x00000006c7600000, 0x00000006c7700000|  0%| F|  |TS  0|AC  0|TAMS 0x00000006c7600000, 0x00000006c7600000|
|  83|0x00000006c7700000, 0x00000006c7700000, 0x00000006c7800000|  0%| F|  |TS  0|AC  0|TAMS 0x00000006c7700000, 0x00000006c7700000|
|  84|0x00000006c7800000, 0x00000006c7800000, 0x00000006c7900000|  0%| F|  |TS  0|AC  0|TAMS 0x00000006c7800000, 0x00000006c7800000|
|  85|0x00000006c7900000, 0x00000006c7900000, 0x00000006c7a00000|  0%| F|  |TS  0|AC  0|TAMS 0x00000006c7900000, 0x00000006c7900000|
|  86|0x00000006c7a00000, 0x00000006c7a00000, 0x00000006c7b00000|  0%| F|  |TS  0|AC  0|TAMS 0x00000006c7a00000, 0x00000006c7a00000|
|  87|0x00000006c7b00000, 0x00000006c7b00000, 0x00000006c7c00000|  0%| F|  |TS  0|AC  0|TAMS 0x00000006c7b00000, 0x00000006c7b00000|
|  88|0x00000006c7c00000, 0x00000006c7c00000, 0x00000006c7d00000|  0%| F|  |TS  0|AC  0|TAMS 0x00000006c7c00000, 0x00000006c7c00000|
|  89|0x00000006c7d00000, 0x00000006c7d00000, 0x00000006c7e00000|  0%| F|  |TS  0|AC  0|TAMS 0x00000006c7d00000, 0x00000006c7d00000|
|  90|0x00000006c7e00000, 0x00000006c7e00000, 0x00000006c7f00000|  0%| F|  |TS  0|AC  0|TAMS 0x00000006c7e00000, 0x00000006c7e00000|
|  91|0x00000006c7f00000, 0x00000006c7f00000, 0x00000006c8000000|  0%| F|  |TS  0|AC  0|TAMS 0x00000006c7f00000, 0x00000006c7f00000|
|  92|0x00000006c8000000, 0x00000006c8000000, 0x00000006c8100000|  0%| F|  |TS  0|AC  0|TAMS 0x00000006c8000000, 0x00000006c8000000|
|  93|0x00000006c8100000, 0x00000006c8100000, 0x00000006c8200000|  0%| F|  |TS  0|AC  0|TAMS 0x00000006c8100000, 0x00000006c8100000|
|  94|0x00000006c8200000, 0x00000006c8200000, 0x00000006c8300000|  0%| F|  |TS  0|AC  0|TAMS 0x00000006c8200000, 0x00000006c8200000|
|  95|0x00000006c8300000, 0x00000006c8300000, 0x00000006c8400000|  0%| F|  |TS  0|AC  0|TAMS 0x00000006c8300000, 0x00000006c8300000|
|  96|0x00000006c8400000, 0x00000006c8400000, 0x00000006c8500000|  0%| F|  |TS  0|AC  0|TAMS 0x00000006c8400000, 0x00000006c8400000|
|  97|0x00000006c8500000, 0x00000006c8500000, 0x00000006c8600000|  0%| F|  |TS  0|AC  0|TAMS 0x00000006c8500000, 0x00000006c8500000|
|  98|0x00000006c8600000, 0x00000006c8600000, 0x00000006c8700000|  0%| F|  |TS  0|AC  0|TAMS 0x00000006c8600000, 0x00000006c8600000|
|  99|0x00000006c8700000, 0x00000006c8700000, 0x00000006c8800000|  0%| F|  |TS  0|AC  0|TAMS 0x00000006c8700000, 0x00000006c8700000|
| 100|0x00000006c8800000, 0x00000006c8800000, 0x00000006c8900000|  0%| F|  |TS  0|AC  0|TAMS 0x00000006c8800000, 0x00000006c8800000|
| 101|0x00000006c8900000, 0x00000006c8900000, 0x00000006c8a00000|  0%| F|  |TS  0|AC  0|TAMS 0x00000006c8900000, 0x00000006c8900000|
| 102|0x00000006c8a00000, 0x00000006c8a00000, 0x00000006c8b00000|  0%| F|  |TS  0|AC  0|TAMS 0x00000006c8a00000, 0x00000006c8a00000|
| 103|0x00000006c8b00000, 0x00000006c8b00000, 0x00000006c8c00000|  0%| F|  |TS  0|AC  0|TAMS 0x00000006c8b00000, 0x00000006c8b00000|
| 104|0x00000006c8c00000, 0x00000006c8c00000, 0x00000006c8d00000|  0%| F|  |TS  0|AC  0|TAMS 0x00000006c8c00000, 0x00000006c8c00000|
| 105|0x00000006c8d00000, 0x00000006c8d00000, 0x00000006c8e00000|  0%| F|  |TS  0|AC  0|TAMS 0x00000006c8d00000, 0x00000006c8d00000|
| 106|0x00000006c8e00000, 0x00000006c8e00000, 0x00000006c8f00000|  0%| F|  |TS  0|AC  0|TAMS 0x00000006c8e00000, 0x00000006c8e00000|
| 107|0x00000006c8f00000, 0x00000006c8f00000, 0x00000006c9000000|  0%| F|  |TS  0|AC  0|TAMS 0x00000006c8f00000, 0x00000006c8f00000|
| 108|0x00000006c9000000, 0x00000006c9000000, 0x00000006c9100000|  0%| F|  |TS  0|AC  0|TAMS 0x00000006c9000000, 0x00000006c9000000|
| 109|0x00000006c9100000, 0x00000006c9100000, 0x00000006c9200000|  0%| F|  |TS  0|AC  0|TAMS 0x00000006c9100000, 0x00000006c9100000|
| 110|0x00000006c9200000, 0x00000006c9200000, 0x00000006c9300000|  0%| F|  |TS  0|AC  0|TAMS 0x00000006c9200000, 0x00000006c9200000|
| 111|0x00000006c9300000, 0x00000006c9300000, 0x00000006c9400000|  0%| F|  |TS  0|AC  0|TAMS 0x00000006c9300000, 0x00000006c9300000|
| 112|0x00000006c9400000, 0x00000006c9400000, 0x00000006c9500000|  0%| F|  |TS  0|AC  0|TAMS 0x00000006c9400000, 0x00000006c9400000|
| 113|0x00000006c9500000, 0x00000006c9500000, 0x00000006c9600000|  0%| F|  |TS  0|AC  0|TAMS 0x00000006c9500000, 0x00000006c9500000|
| 114|0x00000006c9600000, 0x00000006c9600000, 0x00000006c9700000|  0%| F|  |TS  0|AC  0|TAMS 0x00000006c9600000, 0x00000006c9600000|
| 115|0x00000006c9700000, 0x00000006c9700000, 0x00000006c9800000|  0%| F|  |TS  0|AC  0|TAMS 0x00000006c9700000, 0x00000006c9700000|
| 116|0x00000006c9800000, 0x00000006c9800000, 0x00000006c9900000|  0%| F|  |TS  0|AC  0|TAMS 0x00000006c9800000, 0x00000006c9800000|
| 117|0x00000006c9900000, 0x00000006c9900000, 0x00000006c9a00000|  0%| F|  |TS  0|AC  0|TAMS 0x00000006c9900000, 0x00000006c9900000|
| 118|0x00000006c9a00000, 0x00000006c9a00000, 0x00000006c9b00000|  0%| F|  |TS  0|AC  0|TAMS 0x00000006c9a00000, 0x00000006c9a00000|
| 119|0x00000006c9b00000, 0x00000006c9b00000, 0x00000006c9c00000|  0%| F|  |TS  0|AC  0|TAMS 0x00000006c9b00000, 0x00000006c9b00000|
| 120|0x00000006c9c00000, 0x00000006c9c00000, 0x00000006c9d00000|  0%| F|  |TS  0|AC  0|TAMS 0x00000006c9c00000, 0x00000006c9c00000|
| 121|0x00000006c9d00000, 0x00000006c9d00000, 0x00000006c9e00000|  0%| F|  |TS  0|AC  0|TAMS 0x00000006c9d00000, 0x00000006c9d00000|
| 122|0x00000006c9e00000, 0x00000006c9e00000, 0x00000006c9f00000|  0%| F|  |TS  0|AC  0|TAMS 0x00000006c9e00000, 0x00000006c9e00000|
| 123|0x00000006c9f00000, 0x00000006c9f00000, 0x00000006ca000000|  0%| F|  |TS  0|AC  0|TAMS 0x00000006c9f00000, 0x00000006c9f00000|
| 124|0x00000006ca000000, 0x00000006ca000000, 0x00000006ca100000|  0%| F|  |TS  0|AC  0|TAMS 0x00000006ca000000, 0x00000006ca000000|
| 125|0x00000006ca100000, 0x00000006ca100000, 0x00000006ca200000|  0%| F|  |TS  0|AC  0|TAMS 0x00000006ca100000, 0x00000006ca100000|
| 126|0x00000006ca200000, 0x00000006ca200000, 0x00000006ca300000|  0%| F|  |TS  0|AC  0|TAMS 0x00000006ca200000, 0x00000006ca200000|
| 127|0x00000006ca300000, 0x00000006ca300000, 0x00000006ca400000|  0%| F|  |TS  0|AC  0|TAMS 0x00000006ca300000, 0x00000006ca300000|
| 128|0x00000006ca400000, 0x00000006ca400000, 0x00000006ca500000|  0%| F|  |TS  0|AC  0|TAMS 0x00000006ca400000, 0x00000006ca400000|
| 129|0x00000006ca500000, 0x00000006ca500000, 0x00000006ca600000|  0%| F|  |TS  0|AC  0|TAMS 0x00000006ca500000, 0x00000006ca500000|
| 130|0x00000006ca600000, 0x00000006ca600000, 0x00000006ca700000|  0%| F|  |TS  0|AC  0|TAMS 0x00000006ca600000, 0x00000006ca600000|
| 131|0x00000006ca700000, 0x00000006ca700000, 0x00000006ca800000|  0%| F|  |TS  0|AC  0|TAMS 0x00000006ca700000, 0x00000006ca700000|
| 132|0x00000006ca800000, 0x00000006ca800000, 0x00000006ca900000|  0%| F|  |TS  0|AC  0|TAMS 0x00000006ca800000, 0x00000006ca800000|
| 133|0x00000006ca900000, 0x00000006ca900000, 0x00000006caa00000|  0%| F|  |TS  0|AC  0|TAMS 0x00000006ca900000, 0x00000006ca900000|
| 134|0x00000006caa00000, 0x00000006caa00000, 0x00000006cab00000|  0%| F|  |TS  0|AC  0|TAMS 0x00000006caa00000, 0x00000006caa00000|
| 135|0x00000006cab00000, 0x00000006cab00000, 0x00000006cac00000|  0%| F|  |TS  0|AC  0|TAMS 0x00000006cab00000, 0x00000006cab00000|
| 136|0x00000006cac00000, 0x00000006cac00000, 0x00000006cad00000|  0%| F|  |TS  0|AC  0|TAMS 0x00000006cac00000, 0x00000006cac00000|
| 137|0x00000006cad00000, 0x00000006cad00000, 0x00000006cae00000|  0%| F|  |TS  0|AC  0|TAMS 0x00000006cad00000, 0x00000006cad00000|
| 138|0x00000006cae00000, 0x00000006cae00000, 0x00000006caf00000|  0%| F|  |TS  0|AC  0|TAMS 0x00000006cae00000, 0x00000006cae00000|
| 139|0x00000006caf00000, 0x00000006caf00000, 0x00000006cb000000|  0%| F|  |TS  0|AC  0|TAMS 0x00000006caf00000, 0x00000006caf00000|
| 140|0x00000006cb000000, 0x00000006cb000000, 0x00000006cb100000|  0%| F|  |TS  0|AC  0|TAMS 0x00000006cb000000, 0x00000006cb000000|
| 141|0x00000006cb100000, 0x00000006cb100000, 0x00000006cb200000|  0%| F|  |TS  0|AC  0|TAMS 0x00000006cb100000, 0x00000006cb100000|
| 142|0x00000006cb200000, 0x00000006cb200000, 0x00000006cb300000|  0%| F|  |TS  0|AC  0|TAMS 0x00000006cb200000, 0x00000006cb200000|
| 143|0x00000006cb300000, 0x00000006cb300000, 0x00000006cb400000|  0%| F|  |TS  0|AC  0|TAMS 0x00000006cb300000, 0x00000006cb300000|
| 144|0x00000006cb400000, 0x00000006cb400000, 0x00000006cb500000|  0%| F|  |TS  0|AC  0|TAMS 0x00000006cb400000, 0x00000006cb400000|
| 145|0x00000006cb500000, 0x00000006cb500000, 0x00000006cb600000|  0%| F|  |TS  0|AC  0|TAMS 0x00000006cb500000, 0x00000006cb500000|
| 146|0x00000006cb600000, 0x00000006cb600000, 0x00000006cb700000|  0%| F|  |TS  0|AC  0|TAMS 0x00000006cb600000, 0x00000006cb600000|
| 147|0x00000006cb700000, 0x00000006cb700000, 0x00000006cb800000|  0%| F|  |TS  0|AC  0|TAMS 0x00000006cb700000, 0x00000006cb700000|
| 148|0x00000006cb800000, 0x00000006cb800000, 0x00000006cb900000|  0%| F|  |TS  0|AC  0|TAMS 0x00000006cb800000, 0x00000006cb800000|
| 149|0x00000006cb900000, 0x00000006cb900000, 0x00000006cba00000|  0%| F|  |TS  0|AC  0|TAMS 0x00000006cb900000, 0x00000006cb900000|
| 150|0x00000006cba00000, 0x00000006cba00000, 0x00000006cbb00000|  0%| F|  |TS  0|AC  0|TAMS 0x00000006cba00000, 0x00000006cba00000|
| 151|0x00000006cbb00000, 0x00000006cbb00000, 0x00000006cbc00000|  0%| F|  |TS  0|AC  0|TAMS 0x00000006cbb00000, 0x00000006cbb00000|
| 152|0x00000006cbc00000, 0x00000006cbc00000, 0x00000006cbd00000|  0%| F|  |TS  0|AC  0|TAMS 0x00000006cbc00000, 0x00000006cbc00000|
| 153|0x00000006cbd00000, 0x00000006cbd00000, 0x00000006cbe00000|  0%| F|  |TS  0|AC  0|TAMS 0x00000006cbd00000, 0x00000006cbd00000|
| 154|0x00000006cbe00000, 0x00000006cbe00000, 0x00000006cbf00000|  0%| F|  |TS  0|AC  0|TAMS 0x00000006cbe00000, 0x00000006cbe00000|
| 155|0x00000006cbf00000, 0x00000006cbf00000, 0x00000006cc000000|  0%| F|  |TS  0|AC  0|TAMS 0x00000006cbf00000, 0x00000006cbf00000|
| 156|0x00000006cc000000, 0x00000006cc000000, 0x00000006cc100000|  0%| F|  |TS  0|AC  0|TAMS 0x00000006cc000000, 0x00000006cc000000|
| 157|0x00000006cc100000, 0x00000006cc100000, 0x00000006cc200000|  0%| F|  |TS  0|AC  0|TAMS 0x00000006cc100000, 0x00000006cc100000|
| 158|0x00000006cc200000, 0x00000006cc200000, 0x00000006cc300000|  0%| F|  |TS  0|AC  0|TAMS 0x00000006cc200000, 0x00000006cc200000|
| 159|0x00000006cc300000, 0x00000006cc300000, 0x00000006cc400000|  0%| F|  |TS  0|AC  0|TAMS 0x00000006cc300000, 0x00000006cc300000|
| 160|0x00000006cc400000, 0x00000006cc400000, 0x00000006cc500000|  0%| F|  |TS  0|AC  0|TAMS 0x00000006cc400000, 0x00000006cc400000|
| 161|0x00000006cc500000, 0x00000006cc500000, 0x00000006cc600000|  0%| F|  |TS  0|AC  0|TAMS 0x00000006cc500000, 0x00000006cc500000|
| 162|0x00000006cc600000, 0x00000006cc600000, 0x00000006cc700000|  0%| F|  |TS  0|AC  0|TAMS 0x00000006cc600000, 0x00000006cc600000|
| 163|0x00000006cc700000, 0x00000006cc700000, 0x00000006cc800000|  0%| F|  |TS  0|AC  0|TAMS 0x00000006cc700000, 0x00000006cc700000|
| 164|0x00000006cc800000, 0x00000006cc800000, 0x00000006cc900000|  0%| F|  |TS  0|AC  0|TAMS 0x00000006cc800000, 0x00000006cc800000|
| 165|0x00000006cc900000, 0x00000006cc900000, 0x00000006cca00000|  0%| F|  |TS  0|AC  0|TAMS 0x00000006cc900000, 0x00000006cc900000|
| 166|0x00000006cca00000, 0x00000006cca00000, 0x00000006ccb00000|  0%| F|  |TS  0|AC  0|TAMS 0x00000006cca00000, 0x00000006cca00000|
| 167|0x00000006ccb00000, 0x00000006ccb00000, 0x00000006ccc00000|  0%| F|  |TS  0|AC  0|TAMS 0x00000006ccb00000, 0x00000006ccb00000|
| 168|0x00000006ccc00000, 0x00000006ccc00000, 0x00000006ccd00000|  0%| F|  |TS  0|AC  0|TAMS 0x00000006ccc00000, 0x00000006ccc00000|
| 169|0x00000006ccd00000, 0x00000006ccd00000, 0x00000006cce00000|  0%| F|  |TS  0|AC  0|TAMS 0x00000006ccd00000, 0x00000006ccd00000|
| 170|0x00000006cce00000, 0x00000006cce00000, 0x00000006ccf00000|  0%| F|  |TS  0|AC  0|TAMS 0x00000006cce00000, 0x00000006cce00000|
| 171|0x00000006ccf00000, 0x00000006ccf00000, 0x00000006cd000000|  0%| F|  |TS  0|AC  0|TAMS 0x00000006ccf00000, 0x00000006ccf00000|
| 172|0x00000006cd000000, 0x00000006cd000000, 0x00000006cd100000|  0%| F|  |TS  0|AC  0|TAMS 0x00000006cd000000, 0x00000006cd000000|
| 173|0x00000006cd100000, 0x00000006cd100000, 0x00000006cd200000|  0%| F|  |TS  0|AC  0|TAMS 0x00000006cd100000, 0x00000006cd100000|
| 174|0x00000006cd200000, 0x00000006cd200000, 0x00000006cd300000|  0%| F|  |TS  0|AC  0|TAMS 0x00000006cd200000, 0x00000006cd200000|
| 175|0x00000006cd300000, 0x00000006cd300000, 0x00000006cd400000|  0%| F|  |TS  0|AC  0|TAMS 0x00000006cd300000, 0x00000006cd300000|
| 176|0x00000006cd400000, 0x00000006cd400000, 0x00000006cd500000|  0%| F|  |TS  0|AC  0|TAMS 0x00000006cd400000, 0x00000006cd400000|
| 177|0x00000006cd500000, 0x00000006cd500000, 0x00000006cd600000|  0%| F|  |TS  0|AC  0|TAMS 0x00000006cd500000, 0x00000006cd500000|
| 178|0x00000006cd600000, 0x00000006cd600000, 0x00000006cd700000|  0%| F|  |TS  0|AC  0|TAMS 0x00000006cd600000, 0x00000006cd600000|
| 179|0x00000006cd700000, 0x00000006cd700000, 0x00000006cd800000|  0%| F|  |TS  0|AC  0|TAMS 0x00000006cd700000, 0x00000006cd700000|
| 180|0x00000006cd800000, 0x00000006cd800000, 0x00000006cd900000|  0%| F|  |TS  0|AC  0|TAMS 0x00000006cd800000, 0x00000006cd800000|
| 181|0x00000006cd900000, 0x00000006cd900000, 0x00000006cda00000|  0%| F|  |TS  0|AC  0|TAMS 0x00000006cd900000, 0x00000006cd900000|
| 182|0x00000006cda00000, 0x00000006cda00000, 0x00000006cdb00000|  0%| F|  |TS  0|AC  0|TAMS 0x00000006cda00000, 0x00000006cda00000|
| 183|0x00000006cdb00000, 0x00000006cdb00000, 0x00000006cdc00000|  0%| F|  |TS  0|AC  0|TAMS 0x00000006cdb00000, 0x00000006cdb00000|
| 184|0x00000006cdc00000, 0x00000006cdc00000, 0x00000006cdd00000|  0%| F|  |TS  0|AC  0|TAMS 0x00000006cdc00000, 0x00000006cdc00000|
| 185|0x00000006cdd00000, 0x00000006cdd00000, 0x00000006cde00000|  0%| F|  |TS  0|AC  0|TAMS 0x00000006cdd00000, 0x00000006cdd00000|
| 186|0x00000006cde00000, 0x00000006cde00000, 0x00000006cdf00000|  0%| F|  |TS  0|AC  0|TAMS 0x00000006cde00000, 0x00000006cde00000|
| 187|0x00000006cdf00000, 0x00000006cdf00000, 0x00000006ce000000|  0%| F|  |TS  0|AC  0|TAMS 0x00000006cdf00000, 0x00000006cdf00000|
| 188|0x00000006ce000000, 0x00000006ce000000, 0x00000006ce100000|  0%| F|  |TS  0|AC  0|TAMS 0x00000006ce000000, 0x00000006ce000000|
| 189|0x00000006ce100000, 0x00000006ce100000, 0x00000006ce200000|  0%| F|  |TS  0|AC  0|TAMS 0x00000006ce100000, 0x00000006ce100000|
| 190|0x00000006ce200000, 0x00000006ce200000, 0x00000006ce300000|  0%| F|  |TS  0|AC  0|TAMS 0x00000006ce200000, 0x00000006ce200000|
| 191|0x00000006ce300000, 0x00000006ce300000, 0x00000006ce400000|  0%| F|  |TS  0|AC  0|TAMS 0x00000006ce300000, 0x00000006ce300000|
| 192|0x00000006ce400000, 0x00000006ce400000, 0x00000006ce500000|  0%| F|  |TS  0|AC  0|TAMS 0x00000006ce400000, 0x00000006ce400000|
| 193|0x00000006ce500000, 0x00000006ce500000, 0x00000006ce600000|  0%| F|  |TS  0|AC  0|TAMS 0x00000006ce500000, 0x00000006ce500000|
| 194|0x00000006ce600000, 0x00000006ce600000, 0x00000006ce700000|  0%| F|  |TS  0|AC  0|TAMS 0x00000006ce600000, 0x00000006ce600000|
| 195|0x00000006ce700000, 0x00000006ce700000, 0x00000006ce800000|  0%| F|  |TS  0|AC  0|TAMS 0x00000006ce700000, 0x00000006ce700000|
| 196|0x00000006ce800000, 0x00000006ce800000, 0x00000006ce900000|  0%| F|  |TS  0|AC  0|TAMS 0x00000006ce800000, 0x00000006ce800000|
| 197|0x00000006ce900000, 0x00000006ce900000, 0x00000006cea00000|  0%| F|  |TS  0|AC  0|TAMS 0x00000006ce900000, 0x00000006ce900000|
| 198|0x00000006cea00000, 0x00000006cea00000, 0x00000006ceb00000|  0%| F|  |TS  0|AC  0|TAMS 0x00000006cea00000, 0x00000006cea00000|
| 199|0x00000006ceb00000, 0x00000006ceb00000, 0x00000006cec00000|  0%| F|  |TS  0|AC  0|TAMS 0x00000006ceb00000, 0x00000006ceb00000|
| 200|0x00000006cec00000, 0x00000006cec00000, 0x00000006ced00000|  0%| F|  |TS  0|AC  0|TAMS 0x00000006cec00000, 0x00000006cec00000|
| 201|0x00000006ced00000, 0x00000006ced00000, 0x00000006cee00000|  0%| F|  |TS  0|AC  0|TAMS 0x00000006ced00000, 0x00000006ced00000|
| 202|0x00000006cee00000, 0x00000006cee00000, 0x00000006cef00000|  0%| F|  |TS  0|AC  0|TAMS 0x00000006cee00000, 0x00000006cee00000|
| 203|0x00000006cef00000, 0x00000006cef00000, 0x00000006cf000000|  0%| F|  |TS  0|AC  0|TAMS 0x00000006cef00000, 0x00000006cef00000|
| 204|0x00000006cf000000, 0x00000006cf000000, 0x00000006cf100000|  0%| F|  |TS  0|AC  0|TAMS 0x00000006cf000000, 0x00000006cf000000|
| 205|0x00000006cf100000, 0x00000006cf100000, 0x00000006cf200000|  0%| F|  |TS  0|AC  0|TAMS 0x00000006cf100000, 0x00000006cf100000|
| 206|0x00000006cf200000, 0x00000006cf200000, 0x00000006cf300000|  0%| F|  |TS  0|AC  0|TAMS 0x00000006cf200000, 0x00000006cf200000|
| 207|0x00000006cf300000, 0x00000006cf300000, 0x00000006cf400000|  0%| F|  |TS  0|AC  0|TAMS 0x00000006cf300000, 0x00000006cf300000|
| 208|0x00000006cf400000, 0x00000006cf400000, 0x00000006cf500000|  0%| F|  |TS  0|AC  0|TAMS 0x00000006cf400000, 0x00000006cf400000|
| 209|0x00000006cf500000, 0x00000006cf500000, 0x00000006cf600000|  0%| F|  |TS  0|AC  0|TAMS 0x00000006cf500000, 0x00000006cf500000|
| 210|0x00000006cf600000, 0x00000006cf600000, 0x00000006cf700000|  0%| F|  |TS  0|AC  0|TAMS 0x00000006cf600000, 0x00000006cf600000|
| 211|0x00000006cf700000, 0x00000006cf700000, 0x00000006cf800000|  0%| F|  |TS  0|AC  0|TAMS 0x00000006cf700000, 0x00000006cf700000|
| 212|0x00000006cf800000, 0x00000006cf800000, 0x00000006cf900000|  0%| F|  |TS  0|AC  0|TAMS 0x00000006cf800000, 0x00000006cf800000|
| 213|0x00000006cf900000, 0x00000006cf900000, 0x00000006cfa00000|  0%| F|  |TS  0|AC  0|TAMS 0x00000006cf900000, 0x00000006cf900000|
| 214|0x00000006cfa00000, 0x00000006cfa00000, 0x00000006cfb00000|  0%| F|  |TS  0|AC  0|TAMS 0x00000006cfa00000, 0x00000006cfa00000|
| 215|0x00000006cfb00000, 0x00000006cfb00000, 0x00000006cfc00000|  0%| F|  |TS  0|AC  0|TAMS 0x00000006cfb00000, 0x00000006cfb00000|
| 216|0x00000006cfc00000, 0x00000006cfc00000, 0x00000006cfd00000|  0%| F|  |TS  0|AC  0|TAMS 0x00000006cfc00000, 0x00000006cfc00000|
| 217|0x00000006cfd00000, 0x00000006cfd00000, 0x00000006cfe00000|  0%| F|  |TS  0|AC  0|TAMS 0x00000006cfd00000, 0x00000006cfd00000|
| 218|0x00000006cfe00000, 0x00000006cfe00000, 0x00000006cff00000|  0%| F|  |TS  0|AC  0|TAMS 0x00000006cfe00000, 0x00000006cfe00000|
| 219|0x00000006cff00000, 0x00000006cff00000, 0x00000006d0000000|  0%| F|  |TS  0|AC  0|TAMS 0x00000006cff00000, 0x00000006cff00000|
| 220|0x00000006d0000000, 0x00000006d0000000, 0x00000006d0100000|  0%| F|  |TS  0|AC  0|TAMS 0x00000006d0000000, 0x00000006d0000000|
| 221|0x00000006d0100000, 0x00000006d0100000, 0x00000006d0200000|  0%| F|  |TS  0|AC  0|TAMS 0x00000006d0100000, 0x00000006d0100000|
| 222|0x00000006d0200000, 0x00000006d0200000, 0x00000006d0300000|  0%| F|  |TS  0|AC  0|TAMS 0x00000006d0200000, 0x00000006d0200000|
| 223|0x00000006d0300000, 0x00000006d0300000, 0x00000006d0400000|  0%| F|  |TS  0|AC  0|TAMS 0x00000006d0300000, 0x00000006d0300000|
| 224|0x00000006d0400000, 0x00000006d0400000, 0x00000006d0500000|  0%| F|  |TS  0|AC  0|TAMS 0x00000006d0400000, 0x00000006d0400000|
| 225|0x00000006d0500000, 0x00000006d0500000, 0x00000006d0600000|  0%| F|  |TS  0|AC  0|TAMS 0x00000006d0500000, 0x00000006d0500000|
| 226|0x00000006d0600000, 0x00000006d0600000, 0x00000006d0700000|  0%| F|  |TS  0|AC  0|TAMS 0x00000006d0600000, 0x00000006d0600000|
| 227|0x00000006d0700000, 0x00000006d0700000, 0x00000006d0800000|  0%| F|  |TS  0|AC  0|TAMS 0x00000006d0700000, 0x00000006d0700000|
| 228|0x00000006d0800000, 0x00000006d0800000, 0x00000006d0900000|  0%| F|  |TS  0|AC  0|TAMS 0x00000006d0800000, 0x00000006d0800000|
| 229|0x00000006d0900000, 0x00000006d0900000, 0x00000006d0a00000|  0%| F|  |TS  0|AC  0|TAMS 0x00000006d0900000, 0x00000006d0900000|
| 230|0x00000006d0a00000, 0x00000006d0a00000, 0x00000006d0b00000|  0%| F|  |TS  0|AC  0|TAMS 0x00000006d0a00000, 0x00000006d0a00000|
| 231|0x00000006d0b00000, 0x00000006d0b00000, 0x00000006d0c00000|  0%| F|  |TS  0|AC  0|TAMS 0x00000006d0b00000, 0x00000006d0b00000|
| 232|0x00000006d0c00000, 0x00000006d0c00000, 0x00000006d0d00000|  0%| F|  |TS  0|AC  0|TAMS 0x00000006d0c00000, 0x00000006d0c00000|
| 233|0x00000006d0d00000, 0x00000006d0d00000, 0x00000006d0e00000|  0%| F|  |TS  0|AC  0|TAMS 0x00000006d0d00000, 0x00000006d0d00000|
| 234|0x00000006d0e00000, 0x00000006d0e00000, 0x00000006d0f00000|  0%| F|  |TS  0|AC  0|TAMS 0x00000006d0e00000, 0x00000006d0e00000|
| 235|0x00000006d0f00000, 0x00000006d0f00000, 0x00000006d1000000|  0%| F|  |TS  0|AC  0|TAMS 0x00000006d0f00000, 0x00000006d0f00000|
| 236|0x00000006d1000000, 0x00000006d1000000, 0x00000006d1100000|  0%| F|  |TS  0|AC  0|TAMS 0x00000006d1000000, 0x00000006d1000000|
| 237|0x00000006d1100000, 0x00000006d1100000, 0x00000006d1200000|  0%| F|  |TS  0|AC  0|TAMS 0x00000006d1100000, 0x00000006d1100000|
| 238|0x00000006d1200000, 0x00000006d1200000, 0x00000006d1300000|  0%| F|  |TS  0|AC  0|TAMS 0x00000006d1200000, 0x00000006d1200000|
| 239|0x00000006d1300000, 0x00000006d1300000, 0x00000006d1400000|  0%| F|  |TS  0|AC  0|TAMS 0x00000006d1300000, 0x00000006d1300000|
| 240|0x00000006d1400000, 0x00000006d1400000, 0x00000006d1500000|  0%| F|  |TS  0|AC  0|TAMS 0x00000006d1400000, 0x00000006d1400000|
| 241|0x00000006d1500000, 0x00000006d1500000, 0x00000006d1600000|  0%| F|  |TS  0|AC  0|TAMS 0x00000006d1500000, 0x00000006d1500000|
| 242|0x00000006d1600000, 0x00000006d1600000, 0x00000006d1700000|  0%| F|  |TS  0|AC  0|TAMS 0x00000006d1600000, 0x00000006d1600000|
| 243|0x00000006d1700000, 0x00000006d1700000, 0x00000006d1800000|  0%| F|  |TS  0|AC  0|TAMS 0x00000006d1700000, 0x00000006d1700000|
| 244|0x00000006d1800000, 0x00000006d1800000, 0x00000006d1900000|  0%| F|  |TS  0|AC  0|TAMS 0x00000006d1800000, 0x00000006d1800000|
| 245|0x00000006d1900000, 0x00000006d19f92c0, 0x00000006d1a00000| 97%| E|  |TS  0|AC  0|TAMS 0x00000006d1900000, 0x00000006d1900000|
| 246|0x00000006d1a00000, 0x00000006d1b00000, 0x00000006d1b00000|100%| E|CS|TS  0|AC  0|TAMS 0x00000006d1a00000, 0x00000006d1a00000|
| 247|0x00000006d1b00000, 0x00000006d1c00000, 0x00000006d1c00000|100%| E|CS|TS  0|AC  0|TAMS 0x00000006d1b00000, 0x00000006d1b00000|
| 248|0x00000006d1c00000, 0x00000006d1d00000, 0x00000006d1d00000|100%| E|CS|TS  0|AC  0|TAMS 0x00000006d1c00000, 0x00000006d1c00000|
| 249|0x00000006d1d00000, 0x00000006d1e00000, 0x00000006d1e00000|100%| E|CS|TS  0|AC  0|TAMS 0x00000006d1d00000, 0x00000006d1d00000|
| 250|0x00000006d1e00000, 0x00000006d1f00000, 0x00000006d1f00000|100%| E|CS|TS  0|AC  0|TAMS 0x00000006d1e00000, 0x00000006d1e00000|
| 251|0x00000006d1f00000, 0x00000006d2000000, 0x00000006d2000000|100%| E|CS|TS  0|AC  0|TAMS 0x00000006d1f00000, 0x00000006d1f00000|
| 252|0x00000006d2000000, 0x00000006d2100000, 0x00000006d2100000|100%| E|CS|TS  0|AC  0|TAMS 0x00000006d2000000, 0x00000006d2000000|
| 253|0x00000006d2100000, 0x00000006d2200000, 0x00000006d2200000|100%| E|CS|TS  0|AC  0|TAMS 0x00000006d2100000, 0x00000006d2100000|

Card table byte_map: [0x000001f8328b0000,0x000001f8330a0000] byte_map_base: 0x000001f82f29e000

Marking Bits (Prev, Next): (CMBitMap*) 0x000001f81b663c80, (CMBitMap*) 0x000001f81b663cb8
 Prev Bits: [0x000001f833890000, 0x000001f837800000)
 Next Bits: [0x000001f837800000, 0x000001f83b770000)

Polling page: 0x000001f8194d0000

CodeHeap 'non-profiled nmethods': size=120000Kb used=241Kb max_used=241Kb free=119758Kb
 bounds [0x000001f82a860000, 0x000001f82aad0000, 0x000001f831d90000]
CodeHeap 'profiled nmethods': size=120000Kb used=1138Kb max_used=1138Kb free=118861Kb
 bounds [0x000001f823330000, 0x000001f8235a0000, 0x000001f82a860000]
CodeHeap 'non-nmethods': size=5760Kb used=1176Kb max_used=1188Kb free=4583Kb
 bounds [0x000001f822d90000, 0x000001f823000000, 0x000001f823330000]
 total_blobs=1284 nmethods=731 adapters=324
 compilation: enabled

Compilation events (10 events):
Event: 397.541 Thread 0x000001f83ec25000  728       1       Cluster::getClusterBeginningX (5 bytes)
Event: 397.541 Thread 0x000001f83ec25000 nmethod 728 0x000001f82a89c410 code [0x000001f82a89c5c0, 0x000001f82a89c6d8]
Event: 397.541 Thread 0x000001f83ec25000  729       3       sun.awt.image.SunWritableRaster::markDirty (8 bytes)
Event: 397.541 Thread 0x000001f83ec25000 nmethod 729 0x000001f823448c10 code [0x000001f823448dc0, 0x000001f823448fb8]
Event: 397.541 Thread 0x000001f83ec25000  730       3       sun.java2d.StateTrackableDelegate::markDirty (6 bytes)
Event: 397.541 Thread 0x000001f83ec25000 nmethod 730 0x000001f823449090 code [0x000001f823449240, 0x000001f8234493d8]
Event: 397.541 Thread 0x000001f83ec25000  731       3       java.awt.image.BufferedImage::setRGB (19 bytes)
Event: 397.542 Thread 0x000001f83ec25000 nmethod 731 0x000001f823449490 code [0x000001f823449660, 0x000001f823449980]
Event: 397.542 Thread 0x000001f83ec25000  732       3       java.awt.image.DirectColorModel::getDataElements (928 bytes)
Event: 397.543 Thread 0x000001f83ec25000 nmethod 732 0x000001f823449a90 code [0x000001f823449ee0, 0x000001f82344bc30]

GC Heap History (0 events):
No events

Deoptimization events (7 events):
Event: 0.474 Thread 0x000001f81b5e3800 Uncommon trap: reason=unstable_if action=reinterpret pc=0x000001f82a864804 method=java.lang.String.hashCode()I @ 14 c2
Event: 0.502 Thread 0x000001f81b5e3800 Uncommon trap: reason=class_check action=maybe_recompile pc=0x000001f82a86bc58 method=java.util.HashMap.putVal(ILjava/lang/Object;Ljava/lang/Object;ZZ)Ljava/lang/Object; @ 152 c2
Event: 0.504 Thread 0x000001f81b5e3800 Uncommon trap: reason=class_check action=maybe_recompile pc=0x000001f82a86bc58 method=java.util.HashMap.putVal(ILjava/lang/Object;Ljava/lang/Object;ZZ)Ljava/lang/Object; @ 152 c2
Event: 0.546 Thread 0x000001f81b5e3800 Uncommon trap: reason=class_check action=maybe_recompile pc=0x000001f82a86bc58 method=java.util.HashMap.putVal(ILjava/lang/Object;Ljava/lang/Object;ZZ)Ljava/lang/Object; @ 152 c2
Event: 0.546 Thread 0x000001f81b5e3800 Uncommon trap: reason=class_check action=maybe_recompile pc=0x000001f82a86bc58 method=java.util.HashMap.putVal(ILjava/lang/Object;Ljava/lang/Object;ZZ)Ljava/lang/Object; @ 152 c2
Event: 0.613 Thread 0x000001f81b5e3800 Uncommon trap: reason=unstable_if action=reinterpret pc=0x000001f82a87137c method=java.lang.String.isLatin1()Z @ 10 c2
Event: 0.613 Thread 0x000001f81b5e3800 Uncommon trap: reason=unstable_if action=reinterpret pc=0x000001f82a8687fc method=java.lang.String.isLatin1()Z @ 10 c2

Classes redefined (8 events):
Event: 193.644 Thread 0x000001f83ebb1800 redefined class name=ClusterUtils, count=1
Event: 193.646 Thread 0x000001f83ebb1800 redefined class name=Main, count=1
Event: 193.647 Thread 0x000001f83ebb1800 redefined class name=Cluster, count=1
Event: 193.648 Thread 0x000001f83ebb1800 redefined class name=ClusterGeneratior, count=1
Event: 375.736 Thread 0x000001f83ebb1800 redefined class name=ClusterUtils, count=2
Event: 375.739 Thread 0x000001f83ebb1800 redefined class name=Main, count=2
Event: 375.742 Thread 0x000001f83ebb1800 redefined class name=Cluster, count=2
Event: 375.744 Thread 0x000001f83ebb1800 redefined class name=ClusterGeneratior, count=2

Internal exceptions (10 events):
Event: 0.807 Thread 0x000001f81b5e3800 Exception <a 'java/lang/NoSuchMethodError'{0x00000006d1bfb8e0}: java.lang.invoke.DirectMethodHandle$Holder.invokeStatic(Ljava/lang/Object;Ljava/lang/Object;Ljava/lang/Object;Ljava/lang/Object;Ljava/lang/Object;Ljava/lang/Object;Ljava/lang/Object;Ljava/lan
Event: 0.811 Thread 0x000001f81b5e3800 Exception <a 'java/lang/NoSuchMethodError'{0x00000006d1a0cad0}: java.lang.invoke.DirectMethodHandle$Holder.invokeStatic(Ljava/lang/Object;Ljava/lang/Object;Ljava/lang/Object;Ljava/lang/Object;Ljava/lang/Object;Ljava/lang/Object;Ljava/lang/Object;Ljava/lan
Event: 0.813 Thread 0x000001f81b5e3800 Exception <a 'java/lang/NoSuchMethodError'{0x00000006d1a1c5d8}: java.lang.invoke.DirectMethodHandle$Holder.invokeSpecial(Ljava/lang/Object;Ljava/lang/Object;IILjava/lang/Object;Ljava/lang/Object;Ljava/lang/Object;)Ljava/lang/Object;> (0x00000006d1a1c5d8) 
Event: 0.814 Thread 0x000001f81b5e3800 Exception <a 'java/lang/NoSuchMethodError'{0x00000006d1a1fce8}: java.lang.invoke.DelegatingMethodHandle$Holder.reinvoke_L(Ljava/lang/Object;IILjava/lang/Object;Ljava/lang/Object;Ljava/lang/Object;)Ljava/lang/Object;> (0x00000006d1a1fce8) thrown at [t:/wor
Event: 0.815 Thread 0x000001f81b5e3800 Exception <a 'java/lang/NoSuchMethodError'{0x00000006d1a24dd8}: java.lang.invoke.DirectMethodHandle$Holder.invokeStatic(Ljava/lang/Object;Ljava/lang/Object;Ljava/lang/Object;Ljava/lang/Object;I)Ljava/lang/Object;> (0x00000006d1a24dd8) thrown at [t:/worksp
Event: 0.818 Thread 0x000001f81b5e3800 Exception <a 'java/lang/NoSuchMethodError'{0x00000006d1a3dd18}: method resolution failed> (0x00000006d1a3dd18) thrown at [t:/workspace/open/src/hotspot/share/prims/methodHandles.cpp, line 1226]
Event: 0.821 Thread 0x000001f81b5e3800 Exception <a 'java/lang/NoSuchMethodError'{0x00000006d1a54ce8}: method resolution failed> (0x00000006d1a54ce8) thrown at [t:/workspace/open/src/hotspot/share/prims/methodHandles.cpp, line 1226]
Event: 0.823 Thread 0x000001f81b5e3800 Exception <a 'java/lang/NoSuchMethodError'{0x00000006d1a6d758}: method resolution failed> (0x00000006d1a6d758) thrown at [t:/workspace/open/src/hotspot/share/prims/methodHandles.cpp, line 1226]
Event: 0.826 Thread 0x000001f81b5e3800 Exception <a 'java/lang/NoSuchMethodError'{0x00000006d1a87f58}: method resolution failed> (0x00000006d1a87f58) thrown at [t:/workspace/open/src/hotspot/share/prims/methodHandles.cpp, line 1226]
Event: 0.828 Thread 0x000001f81b5e3800 Exception <a 'java/io/FileNotFoundException'{0x00000006d1a91a60}> (0x00000006d1a91a60) thrown at [t:/workspace/open/src/hotspot/share/prims/jni.cpp, line 611]

Events (10 events):
Event: 395.873 Executing VM operation: GetCurrentContendedMonitor
Event: 395.873 Executing VM operation: GetCurrentContendedMonitor done
Event: 397.119 Executing VM operation: ChangeBreakpoints
Event: 397.119 Executing VM operation: ChangeBreakpoints done
Event: 397.120 Executing VM operation: ChangeBreakpoints
Event: 397.120 Executing VM operation: ChangeBreakpoints done
Event: 397.121 Executing VM operation: ChangeBreakpoints
Event: 397.121 Executing VM operation: ChangeBreakpoints done
Event: 397.121 Executing VM operation: ChangeBreakpoints
Event: 397.121 Executing VM operation: ChangeBreakpoints done


Dynamic libraries:
0x00007ff6a6e40000 - 0x00007ff6a6e7e000 	C:\Program Files\Java\jre-10.0.2\bin\javaw.exe
0x00007ffadbbc0000 - 0x00007ffadbdb0000 	C:\WINDOWS\SYSTEM32\ntdll.dll
0x00007ffad9cd0000 - 0x00007ffad9d82000 	C:\WINDOWS\System32\KERNEL32.DLL
0x00007ffad90a0000 - 0x00007ffad9345000 	C:\WINDOWS\System32\KERNELBASE.dll
0x00007ffadb010000 - 0x00007ffadb0b3000 	C:\WINDOWS\System32\ADVAPI32.dll
0x00007ffad9d90000 - 0x00007ffad9e2e000 	C:\WINDOWS\System32\msvcrt.dll
0x00007ffad9f00000 - 0x00007ffad9f97000 	C:\WINDOWS\System32\sechost.dll
0x00007ffadb0c0000 - 0x00007ffadb1e0000 	C:\WINDOWS\System32\RPCRT4.dll
0x00007ffadb1e0000 - 0x00007ffadb375000 	C:\WINDOWS\System32\USER32.dll
0x00007ffad93a0000 - 0x00007ffad93c1000 	C:\WINDOWS\System32\win32u.dll
0x00007ffadbb50000 - 0x00007ffadbb76000 	C:\WINDOWS\System32\GDI32.dll
0x00007ffad8db0000 - 0x00007ffad8f46000 	C:\WINDOWS\System32\gdi32full.dll
0x00007ffad8d10000 - 0x00007ffad8dae000 	C:\WINDOWS\System32\msvcp_win.dll
0x00007ffad93f0000 - 0x00007ffad94ea000 	C:\WINDOWS\System32\ucrtbase.dll
0x00007ffad4410000 - 0x00007ffad441a000 	C:\WINDOWS\SYSTEM32\VERSION.dll
0x00007ffabfe30000 - 0x00007ffac00b4000 	C:\WINDOWS\WinSxS\amd64_microsoft.windows.common-controls_6595b64144ccf1df_6.0.18362.1082_none_9e8193e1e45b25c1\COMCTL32.dll
0x00007ffada350000 - 0x00007ffada685000 	C:\WINDOWS\System32\combase.dll
0x00007ffad8b50000 - 0x00007ffad8bd0000 	C:\WINDOWS\System32\bcryptPrimitives.dll
0x00007ffada7f0000 - 0x00007ffada81e000 	C:\WINDOWS\System32\IMM32.DLL
0x00007ffaa5fc0000 - 0x00007ffaa60af000 	C:\Program Files\Java\jre-10.0.2\bin\msvcr120.dll
0x00007ffab2ed0000 - 0x00007ffab2f76000 	C:\Program Files\Java\jre-10.0.2\bin\msvcp120.dll
0x0000000068ea0000 - 0x0000000069910000 	C:\Program Files\Java\jre-10.0.2\bin\server\jvm.dll
0x00007ffada340000 - 0x00007ffada348000 	C:\WINDOWS\System32\PSAPI.DLL
0x00007ffabcc90000 - 0x00007ffabcc99000 	C:\WINDOWS\SYSTEM32\WSOCK32.dll
0x00007ffad52c0000 - 0x00007ffad52e4000 	C:\WINDOWS\SYSTEM32\WINMM.dll
0x00007ffadaf10000 - 0x00007ffadaf7f000 	C:\WINDOWS\System32\WS2_32.dll
0x00007ffad5290000 - 0x00007ffad52bd000 	C:\WINDOWS\SYSTEM32\WINMMBASE.dll
0x00007ffad9350000 - 0x00007ffad939a000 	C:\WINDOWS\System32\cfgmgr32.dll
0x00007ffad5760000 - 0x00007ffad576f000 	C:\Program Files\Java\jre-10.0.2\bin\verify.dll
0x00007ffad1730000 - 0x00007ffad1924000 	C:\WINDOWS\SYSTEM32\DBGHELP.DLL
0x00007ffabcc60000 - 0x00007ffabcc8a000 	C:\WINDOWS\SYSTEM32\dbgcore.DLL
0x00007ffabb7f0000 - 0x00007ffabb817000 	C:\Program Files\Java\jre-10.0.2\bin\java.dll
0x00007ffabe630000 - 0x00007ffabe666000 	C:\Program Files\Java\jre-10.0.2\bin\jdwp.dll
0x00007ffab79b0000 - 0x00007ffab79da000 	C:\Program Files\Java\jre-10.0.2\bin\instrument.dll
0x00007ffac1cd0000 - 0x00007ffac1ce6000 	C:\Program Files\Java\jre-10.0.2\bin\zip.dll
0x00007ffad5750000 - 0x00007ffad575a000 	C:\Program Files\Java\jre-10.0.2\bin\jimage.dll
0x00007ffada820000 - 0x00007ffadaf07000 	C:\WINDOWS\System32\SHELL32.dll
0x00007ffad9fa0000 - 0x00007ffada049000 	C:\WINDOWS\System32\shcore.dll
0x00007ffad94f0000 - 0x00007ffad9c70000 	C:\WINDOWS\System32\windows.storage.dll
0x00007ffad8ae0000 - 0x00007ffad8b03000 	C:\WINDOWS\System32\profapi.dll
0x00007ffad8a90000 - 0x00007ffad8ada000 	C:\WINDOWS\System32\powrprof.dll
0x00007ffad8a80000 - 0x00007ffad8a90000 	C:\WINDOWS\System32\UMPDC.dll
0x00007ffad9c70000 - 0x00007ffad9cc2000 	C:\WINDOWS\System32\shlwapi.dll
0x00007ffad8b30000 - 0x00007ffad8b41000 	C:\WINDOWS\System32\kernel.appcore.dll
0x00007ffad93d0000 - 0x00007ffad93e7000 	C:\WINDOWS\System32\cryptsp.dll
0x00007ffacc3b0000 - 0x00007ffacc3ba000 	C:\Program Files\Java\jre-10.0.2\bin\dt_socket.dll
0x00007ffad82d0000 - 0x00007ffad8337000 	C:\WINDOWS\System32\mswsock.dll
0x00007ffad8020000 - 0x00007ffad80eb000 	C:\WINDOWS\SYSTEM32\DNSAPI.dll
0x00007ffadb000000 - 0x00007ffadb008000 	C:\WINDOWS\System32\NSI.dll
0x00007ffad7fe0000 - 0x00007ffad801a000 	C:\WINDOWS\SYSTEM32\IPHLPAPI.DLL
0x00007ffacb2c0000 - 0x00007ffacb337000 	C:\WINDOWS\System32\fwpuclnt.dll
0x00007ffad8c30000 - 0x00007ffad8c56000 	C:\WINDOWS\System32\bcrypt.dll
0x00007ffab6780000 - 0x00007ffab678a000 	C:\Windows\System32\rasadhlp.dll
0x00007ffac1c80000 - 0x00007ffac1c9a000 	C:\Program Files\Java\jre-10.0.2\bin\net.dll
0x00007ffac6b40000 - 0x00007ffac6c30000 	C:\WINDOWS\SYSTEM32\WINHTTP.dll
0x00007ffac1870000 - 0x00007ffac1881000 	C:\Program Files\Java\jre-10.0.2\bin\nio.dll
0x00007ffa84ba0000 - 0x00007ffa84d3b000 	C:\Program Files\Java\jre-10.0.2\bin\awt.dll
0x00007ffad9e30000 - 0x00007ffad9ef5000 	C:\WINDOWS\System32\OLEAUT32.dll
0x00007ffad5810000 - 0x00007ffad5dd0000 	C:\WINDOWS\SYSTEM32\d2d1.dll
0x00007ffad6bf0000 - 0x00007ffad6c7f000 	C:\WINDOWS\SYSTEM32\apphelp.dll

dbghelp: loaded successfully - version: 4.0.5 - missing functions: none
symbol engine: initialized successfully - sym options: 0x614 - pdb path: .;C:\Program Files\Java\jre-10.0.2\bin;C:\WINDOWS\SYSTEM32;C:\WINDOWS\WinSxS\amd64_microsoft.windows.common-controls_6595b64144ccf1df_6.0.18362.1082_none_9e8193e1e45b25c1;C:\Program Files\Java\jre-10.0.2\bin\server

VM Arguments:
jvm_args: -agentlib:jdwp=transport=dt_socket,suspend=y,address=localhost:54052 -javaagent:C:\Users\jt\eclipse\java-oxygen\eclipse\configuration\org.eclipse.osgi\1634\0\.cp\lib\javaagent-shaded.jar -Dfile.encoding=Cp1252 
java_command: Main
java_class_path (initial): C:\Users\jt\eclipse-workspace\PixelExtractionLogic\bin
Launcher Type: SUN_STANDARD

Logging:
Log output configuration:
#0: stdout all=warning uptime,level,tags
#1: stderr all=off uptime,level,tags

Environment Variables:
PATH=C:\Program Files (x86)\Common Files\Oracle\Java\javapath;C:\WINDOWS\system32;C:\WINDOWS;C:\WINDOWS\System32\Wbem;C:\WINDOWS\System32\WindowsPowerShell\v1.0\;C:\WINDOWS\System32\OpenSSH\;C:\Program Files (x86)\Windows Kits\10\Windows Performance Toolkit\;C:\Program Files (x86)\Intel\Intel(R) Management Engine Components\DAL;C:\Program Files\Intel\Intel(R) Management Engine Components\DAL;C:\Program Files\Common Files\Autodesk Shared\;C:\Program Files\Microsoft SQL Server\120\Tools\Binn\;C:\Users\jt\AppData\Local\Microsoft\WindowsApps;;C:\Users\jt\AppData\Local\Programs\Microsoft VS Code\bin;C:\Program Files\JetBrains\IntelliJ IDEA Community Edition 2020.1.1\bin;
USERNAME=jt
OS=Windows_NT
PROCESSOR_IDENTIFIER=Intel64 Family 6 Model 142 Stepping 10, GenuineIntel



---------------  S Y S T E M  ---------------

OS: Windows 10 , 64 bit Build 18362 (10.0.18362.1082)

CPU:total 8 (initial active 8) (4 cores per cpu, 2 threads per core) family 6 model 142 stepping 10, cmov, cx8, fxsr, mmx, sse, sse2, sse3, ssse3, sse4.1, sse4.2, popcnt, avx, avx2, aes, clmul, erms, 3dnowpref, lzcnt, ht, tsc, tscinvbit, bmi1, bmi2, adx, fma

Memory: 4k page, physical 16627808k(4750592k free), swap 34282940k(4668120k free)

vm_info: Java HotSpot(TM) 64-Bit Server VM (10.0.2+13) for windows-amd64 JRE (10.0.2+13), built on Jun 28 2018 01:57:56 by "mach5one" with MS VC++ 12.0 (VS2013)

END.
